<?xml version="1.0" encoding="UTF-8"?>
<!-- Generated by org.testng.reporters.JUnitReportReporter -->
<testsuite skipped="0" hostname="marina-X541UV" name="testDAO.TestAuthor" tests="1" failures="0" timestamp="23 мар 2020 18:53:32 GMT" time="0.024" errors="0">
  <testcase name="testSaveUpdateDelete" time="0.024" classname="testDAO.TestAuthor"/>
</testsuite> <!-- testDAO.TestAuthor -->
