<?xml version="1.0" encoding="UTF-8"?>
<!-- Generated by org.testng.reporters.JUnitReportReporter -->
<testsuite skipped="0" hostname="marina-X541UV" name="testDAO.Book_authorTest" tests="1" failures="0" timestamp="26 мар 2020 19:09:27 GMT" time="0.045" errors="0">
  <testcase name="testSaveDeleteBook_author" time="0.045" classname="testDAO.Book_authorTest"/>
</testsuite> <!-- testDAO.Book_authorTest -->
