<?xml version="1.0" encoding="UTF-8"?>
<!-- Generated by org.testng.reporters.JUnitReportReporter -->
<testsuite skipped="0" hostname="marina-X541UV" name="testDAO.Basket_orderTest" tests="1" failures="0" timestamp="26 мар 2020 16:52:11 GMT" time="0.043" errors="0">
  <testcase name="testSaveDeleteBasket_order" time="0.043" classname="testDAO.Basket_orderTest"/>
</testsuite> <!-- testDAO.Basket_orderTest -->
