<?xml version="1.0" encoding="UTF-8"?>
<!-- Generated by org.testng.reporters.JUnitReportReporter -->
<testsuite skipped="0" hostname="marina-X541UV" name="testDAO.UserTest" tests="2" failures="0" timestamp="26 апр 2020 16:38:31 GMT" time="0.157" errors="0">
  <testcase name="testFindUser" time="0.117" classname="testDAO.UserTest"/>
  <testcase name="testSaveUpdateDeleteUser" time="0.040" classname="testDAO.UserTest"/>
</testsuite> <!-- testDAO.UserTest -->
