<?xml version="1.0" encoding="UTF-8"?>
<!-- Generated by org.testng.reporters.JUnitReportReporter -->
<testsuite skipped="0" hostname="marina-X541UV" name="testDAO.OrderTest" tests="2" failures="0" timestamp="26 мар 2020 19:09:27 GMT" time="2.610" errors="0">
  <testcase name="testFindOrder" time="2.561" classname="testDAO.OrderTest"/>
  <testcase name="testSaveUpdateDeleteOrder" time="0.049" classname="testDAO.OrderTest"/>
</testsuite> <!-- testDAO.OrderTest -->
