<?xml version="1.0" encoding="UTF-8"?>
<!-- Generated by org.testng.reporters.JUnitReportReporter -->
<testsuite skipped="0" hostname="marina-X541UV" name="testDAO.BookTest" tests="2" failures="0" timestamp="26 мар 2020 16:52:11 GMT" time="0.073" errors="0">
  <testcase name="testFindBook" time="0.041" classname="testDAO.BookTest"/>
  <testcase name="testSaveUpdateDeleteBook" time="0.032" classname="testDAO.BookTest"/>
</testsuite> <!-- testDAO.BookTest -->
