<?xml version="1.0" encoding="UTF-8"?>
<!-- Generated by org.testng.reporters.JUnitReportReporter -->
<testsuite skipped="0" hostname="marina-X541UV" name="testDAO.Book_authorTest" tests="1" failures="0" timestamp="26 апр 2020 16:38:31 GMT" time="0.031" errors="0">
  <testcase name="testSaveDeleteBook_author" time="0.031" classname="testDAO.Book_authorTest"/>
</testsuite> <!-- testDAO.Book_authorTest -->
