<?xml version="1.0" encoding="UTF-8"?>
<!-- Generated by org.testng.reporters.JUnitReportReporter -->
<testsuite skipped="0" hostname="marina-X541UV" name="testDAO.BookTest" tests="2" failures="0" timestamp="23 мар 2020 18:53:32 GMT" time="2.221" errors="0">
  <testcase name="testSaveUpdateDelete" time="0.099" classname="testDAO.BookTest"/>
  <testcase name="testFind" time="2.122" classname="testDAO.BookTest"/>
</testsuite> <!-- testDAO.BookTest -->
