<?xml version="1.0" encoding="UTF-8"?>
<!-- Generated by org.testng.reporters.JUnitReportReporter -->
<testsuite skipped="0" hostname="marina-X541UV" name="testDAO.UserTest" tests="2" failures="0" timestamp="23 мар 2020 18:53:32 GMT" time="0.064" errors="0">
  <testcase name="testFind" time="0.027" classname="testDAO.UserTest"/>
  <testcase name="testSaveUpdateDelete" time="0.037" classname="testDAO.UserTest"/>
</testsuite> <!-- testDAO.UserTest -->
