<?xml version="1.0" encoding="UTF-8"?>
<!-- Generated by org.testng.reporters.JUnitReportReporter -->
<testsuite skipped="0" hostname="marina-X541UV" name="testDAO.UserTest" tests="2" failures="0" timestamp="26 мар 2020 16:52:11 GMT" time="0.049" errors="0">
  <testcase name="testFindUser" time="0.027" classname="testDAO.UserTest"/>
  <testcase name="testSaveUpdateDeleteUser" time="0.022" classname="testDAO.UserTest"/>
</testsuite> <!-- testDAO.UserTest -->
