<?xml version="1.0" encoding="UTF-8"?>
<!-- Generated by org.testng.reporters.JUnitReportReporter -->
<testsuite skipped="0" hostname="marina-X541UV" name="testDAO.OrderTest" tests="2" failures="0" timestamp="23 мар 2020 18:53:32 GMT" time="0.093" errors="0">
  <testcase name="testFind" time="0.034" classname="testDAO.OrderTest"/>
  <testcase name="testSaveUpdateDelete" time="0.059" classname="testDAO.OrderTest"/>
</testsuite> <!-- testDAO.OrderTest -->
