<?xml version="1.0" encoding="UTF-8"?>
<!-- Generated by org.testng.reporters.JUnitReportReporter -->
<testsuite skipped="0" hostname="marina-X541UV" name="testDAO.BookTest" tests="2" failures="0" timestamp="26 мар 2020 19:09:27 GMT" time="0.076" errors="0">
  <testcase name="testFindBook" time="0.033" classname="testDAO.BookTest"/>
  <testcase name="testSaveUpdateDeleteBook" time="0.043" classname="testDAO.BookTest"/>
</testsuite> <!-- testDAO.BookTest -->
