<?xml version="1.0" encoding="UTF-8"?>
<!-- Generated by org.testng.reporters.JUnitReportReporter -->
<testsuite skipped="0" hostname="marina-X541UV" name="testDAO.Basket_customerTest" tests="1" failures="0" timestamp="26 апр 2020 16:38:31 GMT" time="0.043" errors="0">
  <testcase name="testSaveDeleteBasket_customer" time="0.043" classname="testDAO.Basket_customerTest"/>
</testsuite> <!-- testDAO.Basket_customerTest -->
