<?xml version="1.0" encoding="UTF-8"?>
<!-- Generated by org.testng.reporters.JUnitReportReporter -->
<testsuite skipped="0" hostname="marina-X541UV" name="testDAO.BookTest" tests="2" failures="0" timestamp="26 апр 2020 16:38:31 GMT" time="0.192" errors="0">
  <testcase name="testFindBook" time="0.104" classname="testDAO.BookTest"/>
  <testcase name="testSaveUpdateDeleteBook" time="0.088" classname="testDAO.BookTest"/>
</testsuite> <!-- testDAO.BookTest -->
