<?xml version="1.0" encoding="UTF-8"?>
<!-- Generated by org.testng.reporters.JUnitReportReporter -->
<testsuite skipped="0" hostname="marina-X541UV" name="testDAO.TestAuthor" tests="1" failures="0" timestamp="26 апр 2020 16:38:31 GMT" time="0.157" errors="0">
  <testcase name="testSaveDeleteAuthor" time="0.157" classname="testDAO.TestAuthor"/>
</testsuite> <!-- testDAO.TestAuthor -->
