<?xml version="1.0" encoding="UTF-8"?>
<!-- Generated by org.testng.reporters.JUnitReportReporter -->
<testsuite skipped="0" hostname="marina-X541UV" name="testDAO.OrderTest" tests="2" failures="0" timestamp="26 мар 2020 16:52:11 GMT" time="2.285" errors="0">
  <testcase name="testFindOrder" time="2.237" classname="testDAO.OrderTest"/>
  <testcase name="testSaveUpdateDeleteOrder" time="0.048" classname="testDAO.OrderTest"/>
</testsuite> <!-- testDAO.OrderTest -->
