<?xml version="1.0" encoding="UTF-8"?>
<!-- Generated by org.testng.reporters.JUnitReportReporter -->
<testsuite skipped="0" hostname="marina-X541UV" name="TestWeb.UserTest" tests="1" failures="0" timestamp="26 апр 2020 16:48:53 GMT" time="10.721" errors="0">
  <testcase name="user_test" time="10.721" classname="TestWeb.UserTest"/>
</testsuite> <!-- TestWeb.UserTest -->
