<?xml version="1.0" encoding="UTF-8"?>
<!-- Generated by org.testng.reporters.JUnitReportReporter -->
<testsuite skipped="0" hostname="marina-X541UV" name="TestWeb.AdminTest" tests="1" failures="0" timestamp="26 апр 2020 16:48:53 GMT" time="16.448" errors="0">
  <testcase name="admin_test" time="16.448" classname="TestWeb.AdminTest"/>
</testsuite> <!-- TestWeb.AdminTest -->
