<?xml version="1.0" encoding="UTF-8"?>
<!-- Generated by org.testng.reporters.JUnitReportReporter -->
<testsuite skipped="0" hostname="marina-X541UV" name="TestWeb.GuestTest" tests="1" failures="0" timestamp="26 апр 2020 16:48:53 GMT" time="15.576" errors="0">
  <testcase name="guest_test" time="15.576" classname="TestWeb.GuestTest"/>
</testsuite> <!-- TestWeb.GuestTest -->
