<?xml version="1.0" encoding="UTF-8"?>
<!-- Generated by org.testng.reporters.JUnitReportReporter -->
<testsuite skipped="0" hostname="marina-X541UV" name="TestWeb.GuestTest" tests="1" failures="0" timestamp="26 апр 2020 20:33:07 GMT" time="14.965" errors="0">
  <testcase name="guest_test" time="14.965" classname="TestWeb.GuestTest"/>
</testsuite> <!-- TestWeb.GuestTest -->
