<?xml version="1.0" encoding="UTF-8"?>
<!-- Generated by org.testng.reporters.JUnitReportReporter -->
<testsuite skipped="0" hostname="marina-X541UV" name="TestWeb.AdminTest" tests="1" failures="0" timestamp="26 апр 2020 20:33:07 GMT" time="17.785" errors="0">
  <testcase name="admin_test" time="17.785" classname="TestWeb.AdminTest"/>
</testsuite> <!-- TestWeb.AdminTest -->
