<?xml version="1.0" encoding="UTF-8"?>
<!-- Generated by org.testng.reporters.JUnitReportReporter -->
<testsuite skipped="0" hostname="marina-X541UV" name="TestWeb.UserTest" tests="1" failures="0" timestamp="26 апр 2020 20:53:55 GMT" time="12.124" errors="0">
  <testcase name="user_test" time="12.124" classname="TestWeb.UserTest"/>
</testsuite> <!-- TestWeb.UserTest -->
